2025-08-12 08:37:12,169 - INFO - ============================================================
2025-08-12 08:37:12,169 - INFO - SUMMIT COUNTY FORECLOSURE AUTOMATION STARTING
2025-08-12 08:37:12,169 - INFO - ============================================================
2025-08-12 08:37:12,169 - INFO - No previous processed cases found
2025-08-12 08:37:13,953 - INFO - Browser initialized successfully
2025-08-12 08:37:13,954 - INFO - Starting continuous foreclosure monitoring...
2025-08-12 08:37:13,954 - INFO - Starting monitoring cycle for 08/08/2025
2025-08-12 08:37:13,954 - INFO - Searching for foreclosure cases on 08/08/2025
2025-08-12 08:37:25,969 - INFO - Found 11 cases for 08/08/2025
2025-08-12 08:37:25,969 - INFO - Processing case: CV-2025-08-3686
2025-08-12 08:37:25,969 - INFO - Created folder: Foreclosure_Cases_Data\CV-2025-08-3686_08_08_2025
2025-08-12 08:37:25,969 - INFO - Getting details for case: CV-2025-08-3686
2025-08-12 08:37:29,942 - INFO - Clicked on document tab
2025-08-12 08:37:31,956 - INFO - Saved case data: Foreclosure_Cases_Data\CV-2025-08-3686_08_08_2025\case_details.json
2025-08-12 08:37:31,956 - INFO - Downloading foreclosure complaint: vola0000004600001EA1
2025-08-12 08:37:31,972 - INFO - Trying PDF URL: https://clerkweb.summitoh.net/PublicSite/Documents/vola0000004600001EA1.pdf
2025-08-12 08:37:33,006 - INFO - PDF URL response: 404, Content-Type: text/html, Size: 1245
2025-08-12 08:37:33,006 - INFO - Trying DisplayImage URL: https://clerkweb.summitoh.net/PublicSite/DisplayImage.asp?gstrPDFOH=vola00000046        00001EA1
2025-08-12 08:37:34,818 - INFO - DisplayImage response: 200, Content-Type: application/pdf, Size: 276596
2025-08-12 08:37:34,830 - INFO - Successfully downloaded PDF via DisplayImage: vola0000004600001EA1_Foreclosure_Complaint.pdf (276596 bytes)
2025-08-12 08:37:34,832 - INFO - Saved case metadata: Foreclosure_Cases_Data\CV-2025-08-3686_08_08_2025\case_metadata.json
2025-08-12 08:37:34,833 - INFO - Saved 1 processed cases
2025-08-12 08:37:34,833 - INFO - Successfully processed case: CV-2025-08-3686
2025-08-12 08:37:36,833 - INFO - Processing case: CV-2025-08-3687
2025-08-12 08:37:36,833 - INFO - Created folder: Foreclosure_Cases_Data\CV-2025-08-3687_08_08_2025
2025-08-12 08:37:36,833 - INFO - Getting details for case: CV-2025-08-3687
2025-08-12 08:37:40,219 - INFO - Clicked on document tab
2025-08-12 08:37:42,237 - INFO - Saved case data: Foreclosure_Cases_Data\CV-2025-08-3687_08_08_2025\case_details.json
2025-08-12 08:37:42,237 - INFO - Downloading foreclosure complaint: vola0000004600001EAF
2025-08-12 08:37:42,244 - INFO - Trying PDF URL: https://clerkweb.summitoh.net/PublicSite/Documents/vola0000004600001EAF.pdf
2025-08-12 08:37:43,243 - INFO - PDF URL response: 404, Content-Type: text/html, Size: 1245
2025-08-12 08:37:43,243 - INFO - Trying DisplayImage URL: https://clerkweb.summitoh.net/PublicSite/DisplayImage.asp?gstrPDFOH=vola00000046        00001EAF
2025-08-12 08:37:45,055 - INFO - DisplayImage response: 200, Content-Type: application/pdf, Size: 275970
2025-08-12 08:37:45,062 - INFO - Successfully downloaded PDF via DisplayImage: vola0000004600001EAF_Foreclosure_Complaint.pdf (275970 bytes)
2025-08-12 08:37:45,063 - INFO - Saved case metadata: Foreclosure_Cases_Data\CV-2025-08-3687_08_08_2025\case_metadata.json
2025-08-12 08:37:45,064 - INFO - Saved 2 processed cases
2025-08-12 08:37:45,064 - INFO - Successfully processed case: CV-2025-08-3687
2025-08-12 08:37:47,065 - INFO - Processing case: CV-2025-08-3688
2025-08-12 08:37:47,067 - INFO - Created folder: Foreclosure_Cases_Data\CV-2025-08-3688_08_08_2025
2025-08-12 08:37:47,068 - INFO - Getting details for case: CV-2025-08-3688
2025-08-12 08:37:50,484 - INFO - Clicked on document tab
2025-08-12 08:37:52,509 - INFO - Saved case data: Foreclosure_Cases_Data\CV-2025-08-3688_08_08_2025\case_details.json
2025-08-12 08:37:52,510 - INFO - Downloading foreclosure complaint: vola0000004600001EBE
2025-08-12 08:37:52,517 - INFO - Trying PDF URL: https://clerkweb.summitoh.net/PublicSite/Documents/vola0000004600001EBE.pdf
2025-08-12 08:37:53,552 - INFO - PDF URL response: 404, Content-Type: text/html, Size: 1245
2025-08-12 08:37:53,552 - INFO - Trying DisplayImage URL: https://clerkweb.summitoh.net/PublicSite/DisplayImage.asp?gstrPDFOH=vola00000046        00001EBE
2025-08-12 08:37:55,437 - INFO - DisplayImage response: 200, Content-Type: application/pdf, Size: 279157
2025-08-12 08:37:55,443 - INFO - Successfully downloaded PDF via DisplayImage: vola0000004600001EBE_Foreclosure_Complaint.pdf (279157 bytes)
2025-08-12 08:37:55,445 - INFO - Saved case metadata: Foreclosure_Cases_Data\CV-2025-08-3688_08_08_2025\case_metadata.json
2025-08-12 08:37:55,446 - INFO - Saved 3 processed cases
2025-08-12 08:37:55,446 - INFO - Successfully processed case: CV-2025-08-3688
2025-08-12 08:37:57,447 - INFO - Processing case: CV-2025-08-3689
2025-08-12 08:37:57,447 - INFO - Created folder: Foreclosure_Cases_Data\CV-2025-08-3689_08_08_2025
2025-08-12 08:37:57,447 - INFO - Getting details for case: CV-2025-08-3689
2025-08-12 08:38:00,844 - INFO - Clicked on document tab
2025-08-12 08:38:02,865 - INFO - Saved case data: Foreclosure_Cases_Data\CV-2025-08-3689_08_08_2025\case_details.json
2025-08-12 08:38:02,866 - INFO - Downloading foreclosure complaint: vola0000004600001ECD
2025-08-12 08:38:02,873 - INFO - Trying PDF URL: https://clerkweb.summitoh.net/PublicSite/Documents/vola0000004600001ECD.pdf
2025-08-12 08:38:03,950 - INFO - PDF URL response: 404, Content-Type: text/html, Size: 1245
2025-08-12 08:38:03,950 - INFO - Trying DisplayImage URL: https://clerkweb.summitoh.net/PublicSite/DisplayImage.asp?gstrPDFOH=vola00000046        00001ECD
2025-08-12 08:38:06,067 - INFO - DisplayImage response: 200, Content-Type: application/pdf, Size: 282100
2025-08-12 08:38:06,174 - INFO - Successfully downloaded PDF via DisplayImage: vola0000004600001ECD_Foreclosure_Complaint.pdf (282100 bytes)
2025-08-12 08:38:06,177 - INFO - Saved case metadata: Foreclosure_Cases_Data\CV-2025-08-3689_08_08_2025\case_metadata.json
2025-08-12 08:38:06,178 - INFO - Saved 4 processed cases
2025-08-12 08:38:06,178 - INFO - Successfully processed case: CV-2025-08-3689
2025-08-12 08:38:08,178 - INFO - Processing case: CV-2025-08-3690
2025-08-12 08:38:08,179 - INFO - Created folder: Foreclosure_Cases_Data\CV-2025-08-3690_08_08_2025
2025-08-12 08:38:08,179 - INFO - Getting details for case: CV-2025-08-3690
2025-08-12 08:38:11,571 - INFO - Clicked on document tab
2025-08-12 08:38:13,622 - INFO - Saved case data: Foreclosure_Cases_Data\CV-2025-08-3690_08_08_2025\case_details.json
2025-08-12 08:38:13,623 - INFO - Downloading foreclosure complaint: vola0000004600001ED5
2025-08-12 08:38:13,629 - INFO - Trying PDF URL: https://clerkweb.summitoh.net/PublicSite/Documents/vola0000004600001ED5.pdf
2025-08-12 08:38:14,664 - INFO - PDF URL response: 404, Content-Type: text/html, Size: 1245
2025-08-12 08:38:14,664 - INFO - Trying DisplayImage URL: https://clerkweb.summitoh.net/PublicSite/DisplayImage.asp?gstrPDFOH=vola00000046        00001ED5
2025-08-12 08:38:16,778 - INFO - DisplayImage response: 200, Content-Type: application/pdf, Size: 276451
2025-08-12 08:38:16,784 - INFO - Successfully downloaded PDF via DisplayImage: vola0000004600001ED5_Foreclosure_Complaint.pdf (276451 bytes)
2025-08-12 08:38:16,786 - INFO - Saved case metadata: Foreclosure_Cases_Data\CV-2025-08-3690_08_08_2025\case_metadata.json
2025-08-12 08:38:16,787 - INFO - Saved 5 processed cases
2025-08-12 08:38:16,787 - INFO - Successfully processed case: CV-2025-08-3690
2025-08-12 08:38:18,788 - INFO - Processing case: CV-2025-08-3691
2025-08-12 08:38:18,788 - INFO - Created folder: Foreclosure_Cases_Data\CV-2025-08-3691_08_08_2025
2025-08-12 08:38:18,788 - INFO - Getting details for case: CV-2025-08-3691
2025-08-12 08:38:22,232 - INFO - Clicked on document tab
2025-08-12 08:38:24,255 - INFO - Saved case data: Foreclosure_Cases_Data\CV-2025-08-3691_08_08_2025\case_details.json
2025-08-12 08:38:24,255 - INFO - Downloading foreclosure complaint: vola0000004600001F02
2025-08-12 08:38:24,262 - INFO - Trying PDF URL: https://clerkweb.summitoh.net/PublicSite/Documents/vola0000004600001F02.pdf
2025-08-12 08:38:25,287 - INFO - PDF URL response: 404, Content-Type: text/html, Size: 1245
2025-08-12 08:38:25,287 - INFO - Trying DisplayImage URL: https://clerkweb.summitoh.net/PublicSite/DisplayImage.asp?gstrPDFOH=vola00000046        00001F02
2025-08-12 08:38:27,358 - INFO - DisplayImage response: 200, Content-Type: application/pdf, Size: 282237
2025-08-12 08:38:27,364 - INFO - Successfully downloaded PDF via DisplayImage: vola0000004600001F02_Foreclosure_Complaint.pdf (282237 bytes)
2025-08-12 08:38:27,365 - INFO - Saved case metadata: Foreclosure_Cases_Data\CV-2025-08-3691_08_08_2025\case_metadata.json
2025-08-12 08:38:27,366 - INFO - Saved 6 processed cases
2025-08-12 08:38:27,369 - INFO - Successfully processed case: CV-2025-08-3691
2025-08-12 08:38:29,370 - INFO - Processing case: CV-2025-08-3693
2025-08-12 08:38:29,370 - INFO - Created folder: Foreclosure_Cases_Data\CV-2025-08-3693_08_08_2025
2025-08-12 08:38:29,371 - INFO - Getting details for case: CV-2025-08-3693
2025-08-12 08:38:32,811 - INFO - Clicked on document tab
2025-08-12 08:38:34,836 - INFO - Saved case data: Foreclosure_Cases_Data\CV-2025-08-3693_08_08_2025\case_details.json
2025-08-12 08:38:34,836 - INFO - Downloading foreclosure complaint: vola000000460000244C
2025-08-12 08:38:34,844 - INFO - Trying PDF URL: https://clerkweb.summitoh.net/PublicSite/Documents/vola000000460000244C.pdf
2025-08-12 08:38:38,158 - INFO - PDF URL response: 200, Content-Type: application/pdf, Size: 6608665
2025-08-12 08:38:38,166 - INFO - Successfully downloaded PDF: vola000000460000244C_Foreclosure_Complaint.pdf (6608665 bytes)
2025-08-12 08:38:38,167 - INFO - Saved case metadata: Foreclosure_Cases_Data\CV-2025-08-3693_08_08_2025\case_metadata.json
2025-08-12 08:38:38,168 - INFO - Saved 7 processed cases
2025-08-12 08:38:38,168 - INFO - Successfully processed case: CV-2025-08-3693
2025-08-12 08:38:40,169 - INFO - Processing case: CV-2025-08-3694
2025-08-12 08:38:40,169 - INFO - Created folder: Foreclosure_Cases_Data\CV-2025-08-3694_08_08_2025
2025-08-12 08:38:40,169 - INFO - Getting details for case: CV-2025-08-3694
2025-08-12 08:38:43,582 - INFO - Clicked on document tab
2025-08-12 08:38:45,605 - INFO - Saved case data: Foreclosure_Cases_Data\CV-2025-08-3694_08_08_2025\case_details.json
2025-08-12 08:38:45,606 - INFO - Downloading foreclosure complaint: vola000000460000245A
2025-08-12 08:38:45,612 - INFO - Trying PDF URL: https://clerkweb.summitoh.net/PublicSite/Documents/vola000000460000245A.pdf
2025-08-12 08:38:49,037 - INFO - PDF URL response: 200, Content-Type: application/pdf, Size: 5583444
2025-08-12 08:38:49,056 - INFO - Successfully downloaded PDF: vola000000460000245A_Foreclosure_Complaint.pdf (5583444 bytes)
2025-08-12 08:38:49,058 - INFO - Saved case metadata: Foreclosure_Cases_Data\CV-2025-08-3694_08_08_2025\case_metadata.json
2025-08-12 08:38:49,059 - INFO - Saved 8 processed cases
2025-08-12 08:38:49,059 - INFO - Successfully processed case: CV-2025-08-3694
2025-08-12 08:38:51,061 - INFO - Processing case: CV-2025-08-3696
2025-08-12 08:38:51,061 - INFO - Created folder: Foreclosure_Cases_Data\CV-2025-08-3696_08_08_2025
2025-08-12 08:38:51,061 - INFO - Getting details for case: CV-2025-08-3696
2025-08-12 08:38:54,502 - INFO - Clicked on document tab
2025-08-12 08:38:56,518 - INFO - Saved case data: Foreclosure_Cases_Data\CV-2025-08-3696_08_08_2025\case_details.json
2025-08-12 08:38:56,518 - INFO - Downloading foreclosure complaint: vola00000046000026EF
2025-08-12 08:38:56,534 - INFO - Trying PDF URL: https://clerkweb.summitoh.net/PublicSite/Documents/vola00000046000026EF.pdf
2025-08-12 08:38:59,411 - INFO - PDF URL response: 200, Content-Type: application/pdf, Size: 2649432
2025-08-12 08:38:59,426 - INFO - Successfully downloaded PDF: vola00000046000026EF_Foreclosure_Complaint.pdf (2649432 bytes)
2025-08-12 08:38:59,432 - INFO - Saved case metadata: Foreclosure_Cases_Data\CV-2025-08-3696_08_08_2025\case_metadata.json
2025-08-12 08:38:59,433 - INFO - Saved 9 processed cases
2025-08-12 08:38:59,433 - INFO - Successfully processed case: CV-2025-08-3696
2025-08-12 08:39:01,434 - INFO - Processing case: CV-2025-08-3701
2025-08-12 08:39:01,434 - INFO - Created folder: Foreclosure_Cases_Data\CV-2025-08-3701_08_08_2025
2025-08-12 08:39:01,434 - INFO - Getting details for case: CV-2025-08-3701
2025-08-12 08:39:04,978 - INFO - Clicked on document tab
2025-08-12 08:39:07,017 - INFO - Saved case data: Foreclosure_Cases_Data\CV-2025-08-3701_08_08_2025\case_details.json
2025-08-12 08:39:07,017 - INFO - Downloading foreclosure complaint: vola0000004600002875
2025-08-12 08:39:07,017 - INFO - Trying PDF URL: https://clerkweb.summitoh.net/PublicSite/Documents/vola0000004600002875.pdf
2025-08-12 08:39:10,250 - INFO - PDF URL response: 200, Content-Type: application/pdf, Size: 4621839
2025-08-12 08:39:10,269 - INFO - Successfully downloaded PDF: vola0000004600002875_Foreclosure_Complaint.pdf (4621839 bytes)
2025-08-12 08:39:10,273 - INFO - Saved case metadata: Foreclosure_Cases_Data\CV-2025-08-3701_08_08_2025\case_metadata.json
2025-08-12 08:39:10,273 - INFO - Saved 10 processed cases
2025-08-12 08:39:10,277 - INFO - Successfully processed case: CV-2025-08-3701
2025-08-12 08:39:12,278 - INFO - Processing case: CV-2025-08-3710
2025-08-12 08:39:12,278 - INFO - Created folder: Foreclosure_Cases_Data\CV-2025-08-3710_08_08_2025
2025-08-12 08:39:12,278 - INFO - Getting details for case: CV-2025-08-3710
2025-08-12 08:39:15,754 - INFO - Clicked on document tab
2025-08-12 08:39:17,772 - INFO - Saved case data: Foreclosure_Cases_Data\CV-2025-08-3710_08_08_2025\case_details.json
2025-08-12 08:39:17,772 - INFO - Downloading foreclosure complaint: vola00000046000030B2
2025-08-12 08:39:17,787 - INFO - Trying PDF URL: https://clerkweb.summitoh.net/PublicSite/Documents/vola00000046000030B2.pdf
2025-08-12 08:39:18,827 - INFO - PDF URL response: 404, Content-Type: text/html, Size: 1245
2025-08-12 08:39:18,827 - INFO - Trying DisplayImage URL: https://clerkweb.summitoh.net/PublicSite/DisplayImage.asp?gstrPDFOH=vola00000046        000030B2
2025-08-12 08:39:20,928 - INFO - DisplayImage response: 200, Content-Type: application/pdf, Size: 397677
2025-08-12 08:39:20,934 - INFO - Successfully downloaded PDF via DisplayImage: vola00000046000030B2_Foreclosure_Complaint.pdf (397677 bytes)
2025-08-12 08:39:20,937 - INFO - Saved case metadata: Foreclosure_Cases_Data\CV-2025-08-3710_08_08_2025\case_metadata.json
2025-08-12 08:39:20,938 - INFO - Saved 11 processed cases
2025-08-12 08:39:20,938 - INFO - Successfully processed case: CV-2025-08-3710
2025-08-12 08:39:22,939 - INFO - Monitoring cycle complete:
2025-08-12 08:39:22,939 - INFO -   Total cases found: 11
2025-08-12 08:39:22,939 - INFO -   New cases: 11
2025-08-12 08:39:22,939 - INFO -   Successfully processed: 11
2025-08-12 08:39:22,939 - INFO -   Failed cases: 0
2025-08-12 08:39:22,939 - INFO - Waiting 1.0 hours before next check...
2025-08-12 08:43:04,248 - INFO - Monitoring stopped by user
2025-08-12 08:43:04,259 - WARNING - Retrying (Retry(total=2, connect=None, read=None, redirect=None, status=None)) after connection broken by 'ConnectionResetError(10054, 'An existing connection was forcibly closed by the remote host', None, 10054, None)': /session/c588f2539f19724d1818eacaef54c649
2025-08-12 08:43:08,295 - WARNING - Retrying (Retry(total=1, connect=None, read=None, redirect=None, status=None)) after connection broken by 'NewConnectionError('<urllib3.connection.HTTPConnection object at 0x0000020E71E0B090>: Failed to establish a new connection: [WinError 10061] No connection could be made because the target machine actively refused it')': /session/c588f2539f19724d1818eacaef54c649
2025-08-12 08:43:10,315 - INFO - 
Automation stopped by user
2025-08-12 08:43:10,315 - INFO - Foreclosure automation ended
2025-08-12 08:45:13,109 - INFO - Loaded 11 previously processed cases
2025-08-12 08:45:14,351 - INFO - Browser initialized successfully
2025-08-12 08:45:16,454 - INFO - Browser closed
2025-08-12 08:45:27,730 - INFO - Loaded 11 previously processed cases
2025-08-12 08:45:28,906 - INFO - Browser initialized successfully
2025-08-12 08:45:28,907 - INFO - Parsing PDF: Foreclosure_Cases_Data\CV-2025-08-3686_08_08_2025\vola0000004600001EA1_Foreclosure_Complaint.pdf
2025-08-12 08:45:29,245 - INFO - Successfully parsed and saved PDF data: test_parse_folder\foreclosure_complaint_parsed.json
2025-08-12 08:45:29,245 - INFO -   Plaintiff: KRISTEN M. SCALISE
2025-08-12 08:45:29,245 - INFO -   Defendants: 2 found
2025-08-12 08:45:29,245 - INFO -   Property Address: 281 OXFORD AVE. AKRON, OH 44310
2025-08-12 08:45:29,245 - INFO -   Redemption Price: $10221.61
2025-08-12 08:45:31,367 - INFO - Browser closed
2025-08-12 08:45:42,528 - INFO - Loaded 11 previously processed cases
2025-08-12 08:45:43,740 - INFO - Browser initialized successfully
2025-08-12 08:45:43,741 - INFO - Created folder: Foreclosure_Cases_Data\TEST-2025-08-0001_08_12_2025
2025-08-12 08:45:43,742 - INFO - Saved case metadata: Foreclosure_Cases_Data\TEST-2025-08-0001_08_12_2025\case_metadata.json
2025-08-12 08:45:45,843 - INFO - Browser closed
2025-08-12 08:46:32,823 - INFO - Loaded 11 previously processed cases
2025-08-12 08:46:34,057 - INFO - Browser initialized successfully
2025-08-12 08:46:34,058 - INFO - Parsing PDF: Foreclosure_Cases_Data\CV-2025-08-3686_08_08_2025\vola0000004600001EA1_Foreclosure_Complaint.pdf
2025-08-12 08:46:34,252 - INFO - Successfully parsed and saved PDF data: test_enhanced_parsing\foreclosure_complaint_parsed.json
2025-08-12 08:46:34,252 - INFO -   Plaintiff: KRISTEN M. SCALISE
2025-08-12 08:46:34,252 - INFO -   Defendants: 2 found
2025-08-12 08:46:34,252 - INFO -   Property Address: 281 OXFORD AVE. AKRON, OH 44310
2025-08-12 08:46:34,252 - INFO -   Redemption Price: $10221.61
2025-08-12 08:46:34,267 - INFO - Created folder: Foreclosure_Cases_Data\DEMO-2025-08-TEST_08_12_2025
2025-08-12 08:46:34,267 - INFO - Saved case metadata: Foreclosure_Cases_Data\DEMO-2025-08-TEST_08_12_2025\case_metadata.json
2025-08-12 08:46:36,376 - INFO - Browser closed
